0 info it worked if it ends with ok
1 verbose cli [ '/usr/local/bin/node',
1 verbose cli   '/usr/local/bin/npm',
1 verbose cli   'install',
1 verbose cli   'plotly-latest.min.js' ]
2 info using npm@3.10.8
3 info using node@v7.0.0
4 silly loadCurrentTree Starting
5 silly install loadCurrentTree
6 silly install readLocalPackageData
7 silly fetchPackageMetaData plotly-latest.min.js
8 silly fetchNamedPackageData plotly-latest.min.js
9 silly mapToRegistry name plotly-latest.min.js
10 silly mapToRegistry using default registry
11 silly mapToRegistry registry https://registry.npmjs.org/
12 silly mapToRegistry data Result {
12 silly mapToRegistry   raw: 'plotly-latest.min.js',
12 silly mapToRegistry   scope: null,
12 silly mapToRegistry   escapedName: 'plotly-latest.min.js',
12 silly mapToRegistry   name: 'plotly-latest.min.js',
12 silly mapToRegistry   rawSpec: '',
12 silly mapToRegistry   spec: 'latest',
12 silly mapToRegistry   type: 'tag' }
13 silly mapToRegistry uri https://registry.npmjs.org/plotly-latest.min.js
14 verbose request uri https://registry.npmjs.org/plotly-latest.min.js
15 verbose request no auth needed
16 info attempt registry request try #1 at 2:41:50 PM
17 verbose request id 621836f737f6533a
18 http request GET https://registry.npmjs.org/plotly-latest.min.js
19 http 404 https://registry.npmjs.org/plotly-latest.min.js
20 verbose headers { date: 'Tue, 07 Jan 2020 05:41:51 GMT',
20 verbose headers   'content-type': 'application/json',
20 verbose headers   'content-length': '21',
20 verbose headers   connection: 'keep-alive',
20 verbose headers   'set-cookie': [ '__cfduid=d0ca141b399186679b33fdf7ebd5ec8f11578375710; expires=Thu, 06-Feb-20 05:41:50 GMT; path=/; domain=.npmjs.org; HttpOnly; SameSite=Lax' ],
20 verbose headers   'cf-ray': '55139ae1196aa19b-ICN',
20 verbose headers   vary: 'Accept-Encoding',
20 verbose headers   'cf-cache-status': 'MISS',
20 verbose headers   'expect-ct': 'max-age=604800, report-uri="https://report-uri.cloudflare.com/cdn-cgi/beacon/expect-ct"',
20 verbose headers   server: 'cloudflare' }
21 silly get cb [ 404,
21 silly get   { date: 'Tue, 07 Jan 2020 05:41:51 GMT',
21 silly get     'content-type': 'application/json',
21 silly get     'content-length': '21',
21 silly get     connection: 'keep-alive',
21 silly get     'set-cookie': [ '__cfduid=d0ca141b399186679b33fdf7ebd5ec8f11578375710; expires=Thu, 06-Feb-20 05:41:50 GMT; path=/; domain=.npmjs.org; HttpOnly; SameSite=Lax' ],
21 silly get     'cf-ray': '55139ae1196aa19b-ICN',
21 silly get     vary: 'Accept-Encoding',
21 silly get     'cf-cache-status': 'MISS',
21 silly get     'expect-ct': 'max-age=604800, report-uri="https://report-uri.cloudflare.com/cdn-cgi/beacon/expect-ct"',
21 silly get     server: 'cloudflare' } ]
22 silly fetchPackageMetaData Error: Not found : plotly-latest.min.js
22 silly fetchPackageMetaData     at makeError (/usr/local/lib/node_modules/npm/node_modules/npm-registry-client/lib/request.js:302:12)
22 silly fetchPackageMetaData     at CachingRegistryClient.<anonymous> (/usr/local/lib/node_modules/npm/node_modules/npm-registry-client/lib/request.js:290:14)
22 silly fetchPackageMetaData     at Request._callback (/usr/local/lib/node_modules/npm/node_modules/npm-registry-client/lib/request.js:210:14)
22 silly fetchPackageMetaData     at Request.self.callback (/usr/local/lib/node_modules/npm/node_modules/request/request.js:187:22)
22 silly fetchPackageMetaData     at emitTwo (events.js:106:13)
22 silly fetchPackageMetaData     at Request.emit (events.js:191:7)
22 silly fetchPackageMetaData     at Request.<anonymous> (/usr/local/lib/node_modules/npm/node_modules/request/request.js:1044:10)
22 silly fetchPackageMetaData     at emitOne (events.js:96:13)
22 silly fetchPackageMetaData     at Request.emit (events.js:188:7)
22 silly fetchPackageMetaData     at IncomingMessage.<anonymous> (/usr/local/lib/node_modules/npm/node_modules/request/request.js:965:12)
22 silly fetchPackageMetaData  error for plotly-latest.min.js { Error: Not found : plotly-latest.min.js
22 silly fetchPackageMetaData     at makeError (/usr/local/lib/node_modules/npm/node_modules/npm-registry-client/lib/request.js:302:12)
22 silly fetchPackageMetaData     at CachingRegistryClient.<anonymous> (/usr/local/lib/node_modules/npm/node_modules/npm-registry-client/lib/request.js:290:14)
22 silly fetchPackageMetaData     at Request._callback (/usr/local/lib/node_modules/npm/node_modules/npm-registry-client/lib/request.js:210:14)
22 silly fetchPackageMetaData     at Request.self.callback (/usr/local/lib/node_modules/npm/node_modules/request/request.js:187:22)
22 silly fetchPackageMetaData     at emitTwo (events.js:106:13)
22 silly fetchPackageMetaData     at Request.emit (events.js:191:7)
22 silly fetchPackageMetaData     at Request.<anonymous> (/usr/local/lib/node_modules/npm/node_modules/request/request.js:1044:10)
22 silly fetchPackageMetaData     at emitOne (events.js:96:13)
22 silly fetchPackageMetaData     at Request.emit (events.js:188:7)
22 silly fetchPackageMetaData     at IncomingMessage.<anonymous> (/usr/local/lib/node_modules/npm/node_modules/request/request.js:965:12) pkgid: 'plotly-latest.min.js', statusCode: 404, code: 'E404' }
23 silly rollbackFailedOptional Starting
24 silly rollbackFailedOptional Finishing
25 silly runTopLevelLifecycles Finishing
26 silly install printInstalled
27 verbose stack Error: Not found : plotly-latest.min.js
27 verbose stack     at makeError (/usr/local/lib/node_modules/npm/node_modules/npm-registry-client/lib/request.js:302:12)
27 verbose stack     at CachingRegistryClient.<anonymous> (/usr/local/lib/node_modules/npm/node_modules/npm-registry-client/lib/request.js:290:14)
27 verbose stack     at Request._callback (/usr/local/lib/node_modules/npm/node_modules/npm-registry-client/lib/request.js:210:14)
27 verbose stack     at Request.self.callback (/usr/local/lib/node_modules/npm/node_modules/request/request.js:187:22)
27 verbose stack     at emitTwo (events.js:106:13)
27 verbose stack     at Request.emit (events.js:191:7)
27 verbose stack     at Request.<anonymous> (/usr/local/lib/node_modules/npm/node_modules/request/request.js:1044:10)
27 verbose stack     at emitOne (events.js:96:13)
27 verbose stack     at Request.emit (events.js:188:7)
27 verbose stack     at IncomingMessage.<anonymous> (/usr/local/lib/node_modules/npm/node_modules/request/request.js:965:12)
28 verbose statusCode 404
29 verbose pkgid plotly-latest.min.js
30 verbose cwd /home/turtlebot/BoChan
31 error Linux 4.4.0-151-generic
32 error argv "/usr/local/bin/node" "/usr/local/bin/npm" "install" "plotly-latest.min.js"
33 error node v7.0.0
34 error npm  v3.10.8
35 error code E404
36 error 404 Not found : plotly-latest.min.js
37 error 404
38 error 404 'plotly-latest.min.js' is not in the npm registry.
39 error 404 You should bug the author to publish it (or use the name yourself!)
40 error 404 Note that you can also install from a
41 error 404 tarball, folder, http url, or git url.
42 verbose exit [ 1, true ]
